0 info it worked if it ends with ok
1 verbose cli [ '/Users/matthewoconnor/.nvm/versions/node/v4.2.4/bin/node',
1 verbose cli   '/Users/matthewoconnor/.nvm/versions/node/v4.2.4/bin/npm',
1 verbose cli   'run',
1 verbose cli   'lint' ]
2 info using npm@3.5.3
3 info using node@v4.2.4
4 verbose run-script [ 'prelint', 'lint', 'postlint' ]
5 info lifecycle seneca-sqlite-store@0.0.3~prelint: seneca-sqlite-store@0.0.3
6 silly lifecycle seneca-sqlite-store@0.0.3~prelint: no script for prelint, continuing
7 info lifecycle seneca-sqlite-store@0.0.3~lint: seneca-sqlite-store@0.0.3
8 verbose lifecycle seneca-sqlite-store@0.0.3~lint: unsafe-perm in lifecycle true
9 verbose lifecycle seneca-sqlite-store@0.0.3~lint: PATH: /Users/matthewoconnor/.nvm/versions/node/v4.2.4/lib/node_modules/npm/bin/node-gyp-bin:/Users/matthewoconnor/Desktop/seneca-sqlite-store/node_modules/.bin:/Users/matthewoconnor/.nvm/versions/node/v4.2.4/bin:/usr/local/bin:/usr/bin:/bin:/usr/sbin:/sbin
10 verbose lifecycle seneca-sqlite-store@0.0.3~lint: CWD: /Users/matthewoconnor/Desktop/seneca-sqlite-store
11 silly lifecycle seneca-sqlite-store@0.0.3~lint: Args: [ '-c', 'lab -dL' ]
12 silly lifecycle seneca-sqlite-store@0.0.3~lint: Returned: code: 1  signal: null
13 info lifecycle seneca-sqlite-store@0.0.3~lint: Failed to exec lint script
14 verbose stack Error: seneca-sqlite-store@0.0.3 lint: `lab -dL`
14 verbose stack Exit status 1
14 verbose stack     at EventEmitter.<anonymous> (/Users/matthewoconnor/.nvm/versions/node/v4.2.4/lib/node_modules/npm/lib/utils/lifecycle.js:232:16)
14 verbose stack     at emitTwo (events.js:87:13)
14 verbose stack     at EventEmitter.emit (events.js:172:7)
14 verbose stack     at ChildProcess.<anonymous> (/Users/matthewoconnor/.nvm/versions/node/v4.2.4/lib/node_modules/npm/lib/utils/spawn.js:24:14)
14 verbose stack     at emitTwo (events.js:87:13)
14 verbose stack     at ChildProcess.emit (events.js:172:7)
14 verbose stack     at maybeClose (internal/child_process.js:818:16)
14 verbose stack     at Process.ChildProcess._handle.onexit (internal/child_process.js:211:5)
15 verbose pkgid seneca-sqlite-store@0.0.3
16 verbose cwd /Users/matthewoconnor/Desktop/seneca-sqlite-store
17 error Darwin 15.2.0
18 error argv "/Users/matthewoconnor/.nvm/versions/node/v4.2.4/bin/node" "/Users/matthewoconnor/.nvm/versions/node/v4.2.4/bin/npm" "run" "lint"
19 error node v4.2.4
20 error npm  v3.5.3
21 error code ELIFECYCLE
22 error seneca-sqlite-store@0.0.3 lint: `lab -dL`
22 error Exit status 1
23 error Failed at the seneca-sqlite-store@0.0.3 lint script 'lab -dL'.
23 error Make sure you have the latest version of node.js and npm installed.
23 error If you do, this is most likely a problem with the seneca-sqlite-store package,
23 error not with npm itself.
23 error Tell the author that this fails on your system:
23 error     lab -dL
23 error You can get information on how to open an issue for this project with:
23 error     npm bugs seneca-sqlite-store
23 error Or if that isn't available, you can get their info via:
23 error     npm owner ls seneca-sqlite-store
23 error There is likely additional logging output above.
24 verbose exit [ 1, true ]
